<?xml version="1.0" encoding="UTF-8"?>
<!-- Generated by org.testng.reporters.JUnitXMLReporter -->
<testsuite ignored="0" hostname="LAPTOP-RBL95I9L" failures="1" tests="1" name="RaghavTest" time="18.082" errors="0" timestamp="2022-07-13T12:32:47 IST">
  <testcase classname="com.actitime.tasks.VerifyTasksTest" name="verifyTasks" time="7.137">
    <failure type="java.lang.AssertionError" message="null">
      <![CDATA[java.lang.AssertionError: null
at com.actitime.tasks.VerifyTasksTest.verifyTasks(VerifyTasksTest.java:26)
at java.base/java.util.ArrayList.forEach(ArrayList.java:1511)
... Removed 29 stack frames]]>
    </failure>
  </testcase> <!-- verifyTasks -->
</testsuite> <!-- RaghavTest -->
