<?xml version="1.0" encoding="UTF-8"?>
<!-- Generated by org.testng.reporters.JUnitXMLReporter -->
<testsuite ignored="0" hostname="LAPTOP-RBL95I9L" failures="1" tests="1" name="Test" time="11.901" errors="0" timestamp="2022-07-13T11:52:46 IST">
  <testcase classname="com.actitime.timetrack.LoginTest" name="loginToApp" time="0.27">
    <failure type="java.lang.AssertionError" message="expected [actiTIME - Enter Time-Track] but found [actiTIME - Login]">
      <![CDATA[java.lang.AssertionError: expected [actiTIME - Enter Time-Track] but found [actiTIME - Login]
at com.actitime.genericlib.WebDriverCommonLib.verify(WebDriverCommonLib.java:25)
at com.actitime.timetrack.LoginTest.loginToApp(LoginTest.java:24)
at java.base/java.util.ArrayList.forEach(ArrayList.java:1511)
... Removed 33 stack frames]]>
    </failure>
  </testcase> <!-- loginToApp -->
</testsuite> <!-- Test -->
